<?xml version="1.0" encoding="UTF-8"?>
<!-- Generated by org.testng.reporters.JUnitReportReporter -->
<testsuite hostname="ATEEFA02" failures="0" tests="1" name="TestCase.RegistrationTestCaseUsingConfigfile" time="23.574" errors="0" timestamp="2025-03-19T15:07:57 IST" skipped="0">
  <testcase classname="TestCase.RegistrationTestCaseUsingConfigfile" name="registrations" time="23.574"/>
</testsuite> <!-- TestCase.RegistrationTestCaseUsingConfigfile -->
