<?xml version="1.0" encoding="UTF-8"?>
<!-- Generated by org.testng.reporters.JUnitReportReporter -->
<testsuite hostname="ATEEFA02" failures="0" tests="1" name="TestCase.RegistrationTestCase" time="10.487" errors="0" timestamp="2025-03-23T15:41:53 IST" skipped="0">
  <testcase classname="TestCase.RegistrationTestCase" name="registrations" time="10.487"/>
</testsuite> <!-- TestCase.RegistrationTestCase -->
