<?xml version="1.0" encoding="UTF-8"?>
<!-- Generated by org.testng.reporters.JUnitReportReporter -->
<testsuite hostname="ATEEFA02" failures="0" tests="1" name="TestCase.RegistrationTestCase" time="1.340" errors="0" timestamp="2025-03-19T09:36:23 IST" skipped="0">
  <testcase classname="TestCase.RegistrationTestCase" name="registrations" time="1.340"/>
</testsuite> <!-- TestCase.RegistrationTestCase -->
