<?xml version="1.0" encoding="UTF-8"?>
<!-- Generated by org.testng.reporters.JUnitReportReporter -->
<testsuite hostname="ATEEFA02" failures="0" tests="1" name="TestCase.LoginPage" time="2.355" errors="0" timestamp="2025-03-20T12:47:51 IST" skipped="0">
  <testcase classname="TestCase.LoginPage" name="LoginDetails" time="2.355"/>
</testsuite> <!-- TestCase.LoginPage -->
